<?xml version="1.0" encoding="UTF-8"?>
<testsuite name="interpreter.BrainfuckTests" tests="6" skipped="0" failures="0" errors="0" timestamp="2025-04-30T05:47:17.030Z" hostname="MacBook-Air-sofya-2.local" time="54.057">
  <properties/>
  <testcase name="testInvalidProgram()" classname="interpreter.BrainfuckTests" time="0.726"/>
  <testcase name="testInfiniteLoop()" classname="interpreter.BrainfuckTests" time="23.261"/>
  <testcase name="testLoop()" classname="interpreter.BrainfuckTests" time="0.016"/>
  <testcase name="testNestedLoops()" classname="interpreter.BrainfuckTests" time="0.003"/>
  <testcase name="testECalculation()" classname="interpreter.BrainfuckTests" time="30.019"/>
  <testcase name="testHelloWorld()" classname="interpreter.BrainfuckTests" time="0.009"/>
  <system-out><![CDATA[]]></system-out>
  <system-err><![CDATA[]]></system-err>
</testsuite>
