<?xml version="1.0" encoding="UTF-8"?>
<testsuite name="commands.OutputTest" tests="3" skipped="0" failures="0" errors="0" timestamp="2025-04-30T05:47:16.935Z" hostname="MacBook-Air-sofya-2.local" time="0.01">
  <properties/>
  <testcase name="testMultipleCharactersOutput()" classname="commands.OutputTest" time="0.005"/>
  <testcase name="testContextUnchangedAfterExecution()" classname="commands.OutputTest" time="0.001"/>
  <testcase name="testSingleCharacterOutput()" classname="commands.OutputTest" time="0.001"/>
  <system-out><![CDATA[]]></system-out>
  <system-err><![CDATA[]]></system-err>
</testsuite>
