<?xml version="1.0" encoding="UTF-8"?>
<testsuite name="commands.LoopTest" tests="1" skipped="0" failures="0" errors="0" timestamp="2025-04-30T05:47:16.991Z" hostname="MacBook-Air-sofya-2.local" time="0.001">
  <properties/>
  <testcase name="testLoopStartAndEnd()" classname="commands.LoopTest" time="0.001"/>
  <system-out><![CDATA[]]></system-out>
  <system-err><![CDATA[]]></system-err>
</testsuite>
