<?xml version="1.0" encoding="UTF-8"?>
<testsuite name="commands.DecrementTest" tests="1" skipped="0" failures="0" errors="0" timestamp="2025-04-30T05:47:16.822Z" hostname="MacBook-Air-sofya-2.local" time="0.025">
  <properties/>
  <testcase name="testSimpleDecrement()" classname="commands.DecrementTest" time="0.025"/>
  <system-out><![CDATA[]]></system-out>
  <system-err><![CDATA[]]></system-err>
</testsuite>
