<?xml version="1.0" encoding="UTF-8"?>
<testsuite name="context.CommandContextTest" tests="2" skipped="0" failures="0" errors="0" timestamp="2025-04-30T05:47:16.995Z" hostname="MacBook-Air-sofya-2.local" time="0.012">
  <properties/>
  <testcase name="testLoadUnmatchedBrackets()" classname="context.CommandContextTest" time="0.008"/>
  <testcase name="testLoadValidProgram()" classname="context.CommandContextTest" time="0.001"/>
  <system-out><![CDATA[]]></system-out>
  <system-err><![CDATA[]]></system-err>
</testsuite>
